TN:
SF:/Users/edouard/workspace/hapify/vm/dist/index.js
DA:1,1
DA:2,1
DA:3,1
DA:4,1
DA:5,1
DA:6,1
DA:7,1
DA:8,1
DA:9,2
DA:10,2
DA:11,1
DA:12,1
DA:13,1
DA:14,1
DA:15,1
DA:16,1
DA:17,7
DA:18,7
DA:19,7
DA:20,7
DA:21,7
DA:22,1
DA:23,1
DA:24,1
DA:25,1
DA:26,1
DA:27,1
DA:28,1
DA:29,1
DA:30,1
DA:31,1
DA:32,1
DA:33,1
DA:34,1
DA:35,1
DA:36,2
DA:37,2
DA:38,1
DA:39,1
DA:40,1
DA:41,1
DA:42,1
DA:43,1
DA:44,1
DA:45,1
DA:46,1
DA:47,1
DA:48,1
DA:49,1
DA:50,20
DA:51,20
DA:52,1
DA:53,1
DA:54,1
DA:55,1
DA:56,1
DA:57,1
DA:58,1
DA:59,1
DA:60,20
DA:61,1
DA:62,1
DA:63,1
DA:64,1
DA:65,1
DA:66,1
DA:67,20
DA:68,20
DA:69,20
DA:70,1
DA:71,1
DA:72,1
DA:73,1
DA:74,10
DA:75,1
DA:76,2
DA:77,1
DA:78,8
DA:79,1
DA:80,1
DA:81,1
DA:82,7
DA:83,7
DA:84,1
DA:85,7
DA:86,1
DA:87,7
DA:88,7
DA:89,7
DA:90,7
DA:91,7
DA:92,1
DA:93,7
DA:94,1
DA:95,10
DA:96,2
DA:97,1
DA:98,8
DA:99,1
DA:100,1
DA:101,1
DA:102,1
LF:90
LH:90
end_of_record
